Build started 2/10/2016 1:41:09 PM.
     1>Project "L:\Students\2PyaePhyoAung\HelloWorld\HelloWorld\HelloWorld.vcxproj" on node 2 (build target(s)).
     1>InitializeBuildStatus:
         Creating "Debug\HelloWorld.unsuccessfulbuild" because "AlwaysCreate" was specified.
       ClCompile:
         C:\Program Files (x86)\Microsoft Visual Studio 10.0\VC\bin\CL.exe /c /ZI /nologo /W3 /WX- /Od /Oy- /D _MBCS /Gm /EHsc /RTC1 /MDd /GS /fp:precise /Zc:wchar_t /Zc:forScope /Fo"Debug\\" /Fd"Debug\vc100.pdb" /Gd /TP /analyze- /errorReport:prompt HelloWorld.cpp
         HelloWorld.cpp
     1>l:\students\2pyaephyoaung\helloworld\helloworld\helloworld.cpp(13): warning C4996: 'scanf': This function or variable may be unsafe. Consider using scanf_s instead. To disable deprecation, use _CRT_SECURE_NO_WARNINGS. See online help for details.
                 c:\program files (x86)\microsoft visual studio 10.0\vc\include\stdio.h(304) : see declaration of 'scanf'
     1>l:\students\2pyaephyoaung\helloworld\helloworld\helloworld.cpp(15): warning C4244: '=' : conversion from 'double' to 'float', possible loss of data
       Link:
         C:\Program Files (x86)\Microsoft Visual Studio 10.0\VC\bin\link.exe /ERRORREPORT:PROMPT /OUT:"L:\Students\2PyaePhyoAung\HelloWorld\Debug\HelloWorld.exe" /NOLOGO kernel32.lib user32.lib gdi32.lib winspool.lib comdlg32.lib advapi32.lib shell32.lib ole32.lib oleaut32.lib uuid.lib odbc32.lib odbccp32.lib /MANIFEST /ManifestFile:"Debug\HelloWorld.exe.intermediate.manifest" /MANIFESTUAC:"level='asInvoker' uiAccess='false'" /DEBUG /PDB:"L:\Students\2PyaePhyoAung\HelloWorld\Debug\HelloWorld.pdb" /TLBID:1 /DYNAMICBASE /NXCOMPAT /IMPLIB:"L:\Students\2PyaePhyoAung\HelloWorld\Debug\HelloWorld.lib" /MACHINE:X86 Debug\HelloWorld.obj
         LINK : L:\Students\2PyaePhyoAung\HelloWorld\Debug\HelloWorld.exe not found or not built by the last incremental link; performing full link
         HelloWorld.vcxproj -> L:\Students\2PyaePhyoAung\HelloWorld\Debug\HelloWorld.exe
       Manifest:
         C:\Program Files (x86)\Microsoft SDKs\Windows\v7.0A\bin\mt.exe /nologo /verbose /outputresource:"L:\Students\2PyaePhyoAung\HelloWorld\Debug\HelloWorld.exe;#1" /manifest Debug\HelloWorld.exe.intermediate.manifest
       FinalizeBuildStatus:
         Deleting file "Debug\HelloWorld.unsuccessfulbuild".
         Touching "Debug\HelloWorld.lastbuildstate".
     1>Done Building Project "L:\Students\2PyaePhyoAung\HelloWorld\HelloWorld\HelloWorld.vcxproj" (build target(s)).

Build succeeded.

Time Elapsed 00:00:00.35
